Leon Bergmann - 05.11.2012 13:18 Uhr 
	- added project.xml
	- added change.log
	
Leon Bergmann - 05.11.2012 14:20 Uhr 
	- added backend folder
	- added frontend folder

Leon Bergmann - 05.11.2012 14:36 Uhr 
	- added subfolder classes to backend
	- added subfolder classes to frontend
	- added folder static (only for static content like picture or javascripts)
	
Florian Giller - 05.11.2012 14:30 Uhr
	- added ideen.txt
	- added class.database.php
	- added class.user.php
	
Patrick Kellentar - 05.11.2012 15:00 Uhr
	- added class.replace.php
	- added test.php

Patrick Kellenter - 06.11.2012 13:00 Uhr
	- deleted test.php
	
Leon Bergmann - 06.11.2012 13:05 Uhr 
	- fixed construct() in class.user.php
	- added class.passwort.php to static-folder
	
Patrick Kellenter - 06.11.2012 13:30 Uhr
	- added class.random.php
	- added randomtest.php

Florian Giller - 06.11.2012 13:30 Uhr
	- added make_connect(), checkConnection(), queryAsAssoc(), querySend() to class.database.php
	- added __construct(), add(), edit(), listAll() to class.user.php

	
Leon Bergmann - 07.11.2012 14:36 Uhr 
	- added randomNumber to class.random.php in static
	- added createSalt() to class.passwort.php in static
	- added folder doku
	- added folder classe in doku
	- added folder style in doku

Leon Bergmann - 07.11.2012 17:48 Uhr 
	- new tables in project.xml
	- added folder .local for the local database
	- added return value on following functions in class.user.php addUser(), editUser 
	
Leon Bergmann - 07.11.2012 19:39 Uhr 
	- added database.frontend.sql to .local folder
	- added database.doku.sql to .local folder

Florian Giller - 07.11.2012 20:00 Uhr 
	- moved
		/backend/classes/ 
		- class.replace.php
		- class.database.php
	- to /static
	
	- adjust database connection class include in /backend/index.php
	
Leon Bergmann - 07.11.2012 20:12 Uhr 
	- added folder .preset 
	- added class.iniAPI.php to .preset
	- added public function _includeStatic()
	- added public function _includeFrontend()
	- added public function _includeBackend()

Leon Bergmann - 07.11.2012 22:03 Uhr 
	- added __autoload($class) to the class.passwortAPI.php
	- added login.php in main folder
	- added class.loginAPI.php in static
	- class.loginAPI.php contains following methods
		- $this->getPWFromDatabase();
		- $this->newDatabase();
		- $this->validLogin();
		- $this->makeLogin();
		- $this->callback();
		- $this-setSessions();

Patrick Kellenter - 08.11.2012 14:45 Uhr
	- Database "doku" added
		- Table "classes" added
		- Table "functions" added
		- Table "changelog" added
	- index.php added ind folder doku

Patrick Kellenter - 15.11.2012 14:50
	- added interface to edit functions
	- added functionsInfoFromDatabase() function in doku/classes/class.outputAPI.php
	
Patrick Kellenter - 15.11.2012.14:55
	- added interface to edit classes
	- added classesInfoFromDatabase() function in doku/classes/class.outputAPI.php
	
Leon Bergmann - 21.11.2012 20:18 Uhr 
	backend/index.php
		- implemented the login
	
	backend/classes/class.user.php
		addUser
			- added the crypting of the passworts in to the function
			- added some Exeptions to handel some problemes like diffrent Passworts
			- correct the SQL errors
	backend/style_backend.css
		- added a defination for the message boxes
	
	backend/classes/class.view.php
		messageBox
			- now have 3 parameter
				- message
				- messageType
				- login
			- choose the Type of the Message box

Leon Bergmann - 21.11.2012 21:54 Uhr 
	backend/index.php
		- added a try-catch block for exeptions
	backend/classes/class.user.php
		- added Exception to handel errors in following functions: addUser and editUser	

Leon Bergmann - 21.11.2012 23:56 Uhr 
	backend/classes/class.chooseTeacher.php
		- write a litte algo to calculate a proxy